Analysis & Synthesis report for t0302
Thu Jun 01 11:26:51 2023
Quartus II 64-Bit Version 14.1.0 Build 186 12/03/2014 SJ Web Edition


---------------------
; Table of Contents ;
---------------------
  1. Legal Notice
  2. Analysis & Synthesis Summary
  3. Analysis & Synthesis Settings
  4. Parallel Compilation
  5. Analysis & Synthesis Source Files Read
  6. Analysis & Synthesis Resource Usage Summary
  7. Analysis & Synthesis Resource Utilization by Entity
  8. State Machine - |HW21|mlcd_st
  9. State Machine - |HW21|lcd_controller:u0|state
 10. Registers Removed During Synthesis
 11. General Register Statistics
 12. Multiplexer Restructuring Statistics (Restructuring Performed)
 13. Parameter Settings for Inferred Entity Instance: lpm_divide:Div0
 14. Parameter Settings for Inferred Entity Instance: lpm_divide:Mod1
 15. Parameter Settings for Inferred Entity Instance: lpm_divide:Mod0
 16. Post-Synthesis Netlist Statistics for Top Partition
 17. Elapsed Time Per Partition
 18. Analysis & Synthesis Messages



----------------
; Legal Notice ;
----------------
Copyright (C) 1991-2014 Altera Corporation. All rights reserved.
Your use of Altera Corporation's design tools, logic functions 
and other software and tools, and its AMPP partner logic 
functions, and any output files from any of the foregoing 
(including device programming or simulation files), and any 
associated documentation or information are expressly subject 
to the terms and conditions of the Altera Program License 
Subscription Agreement, the Altera Quartus II License Agreement,
the Altera MegaCore Function License Agreement, or other 
applicable license agreement, including, without limitation, 
that your use is for the sole purpose of programming logic 
devices manufactured by Altera and sold by Altera or its 
authorized distributors.  Please refer to the applicable 
agreement for further details.



+---------------------------------------------------------------------------------+
; Analysis & Synthesis Summary                                                    ;
+------------------------------------+--------------------------------------------+
; Analysis & Synthesis Status        ; Successful - Thu Jun 01 11:26:51 2023      ;
; Quartus II 64-Bit Version          ; 14.1.0 Build 186 12/03/2014 SJ Web Edition ;
; Revision Name                      ; t0302                                      ;
; Top-level Entity Name              ; HW21                                       ;
; Family                             ; Cyclone IV E                               ;
; Total logic elements               ; 363                                        ;
;     Total combinational functions  ; 353                                        ;
;     Dedicated logic registers      ; 101                                        ;
; Total registers                    ; 101                                        ;
; Total pins                         ; 21                                         ;
; Total virtual pins                 ; 0                                          ;
; Total memory bits                  ; 0                                          ;
; Embedded Multiplier 9-bit elements ; 0                                          ;
; Total PLLs                         ; 0                                          ;
+------------------------------------+--------------------------------------------+


+----------------------------------------------------------------------------------------------------------------------+
; Analysis & Synthesis Settings                                                                                        ;
+----------------------------------------------------------------------------+--------------------+--------------------+
; Option                                                                     ; Setting            ; Default Value      ;
+----------------------------------------------------------------------------+--------------------+--------------------+
; Device                                                                     ; EP4CE115F29C7      ;                    ;
; Top-level entity name                                                      ; HW21               ; t0302              ;
; Family name                                                                ; Cyclone IV E       ; Cyclone IV GX      ;
; Use smart compilation                                                      ; Off                ; Off                ;
; Enable parallel Assembler and TimeQuest Timing Analyzer during compilation ; On                 ; On                 ;
; Enable compact report table                                                ; Off                ; Off                ;
; Restructure Multiplexers                                                   ; Auto               ; Auto               ;
; Create Debugging Nodes for IP Cores                                        ; Off                ; Off                ;
; Preserve fewer node names                                                  ; On                 ; On                 ;
; Disable OpenCore Plus hardware evaluation                                  ; Off                ; Off                ;
; Verilog Version                                                            ; Verilog_2001       ; Verilog_2001       ;
; VHDL Version                                                               ; VHDL_1993          ; VHDL_1993          ;
; State Machine Processing                                                   ; Auto               ; Auto               ;
; Safe State Machine                                                         ; Off                ; Off                ;
; Extract Verilog State Machines                                             ; On                 ; On                 ;
; Extract VHDL State Machines                                                ; On                 ; On                 ;
; Ignore Verilog initial constructs                                          ; Off                ; Off                ;
; Iteration limit for constant Verilog loops                                 ; 5000               ; 5000               ;
; Iteration limit for non-constant Verilog loops                             ; 250                ; 250                ;
; Add Pass-Through Logic to Inferred RAMs                                    ; On                 ; On                 ;
; Infer RAMs from Raw Logic                                                  ; On                 ; On                 ;
; Parallel Synthesis                                                         ; On                 ; On                 ;
; DSP Block Balancing                                                        ; Auto               ; Auto               ;
; NOT Gate Push-Back                                                         ; On                 ; On                 ;
; Power-Up Don't Care                                                        ; On                 ; On                 ;
; Remove Redundant Logic Cells                                               ; Off                ; Off                ;
; Remove Duplicate Registers                                                 ; On                 ; On                 ;
; Ignore CARRY Buffers                                                       ; Off                ; Off                ;
; Ignore CASCADE Buffers                                                     ; Off                ; Off                ;
; Ignore GLOBAL Buffers                                                      ; Off                ; Off                ;
; Ignore ROW GLOBAL Buffers                                                  ; Off                ; Off                ;
; Ignore LCELL Buffers                                                       ; Off                ; Off                ;
; Ignore SOFT Buffers                                                        ; On                 ; On                 ;
; Limit AHDL Integers to 32 Bits                                             ; Off                ; Off                ;
; Optimization Technique                                                     ; Balanced           ; Balanced           ;
; Carry Chain Length                                                         ; 70                 ; 70                 ;
; Auto Carry Chains                                                          ; On                 ; On                 ;
; Auto Open-Drain Pins                                                       ; On                 ; On                 ;
; Perform WYSIWYG Primitive Resynthesis                                      ; Off                ; Off                ;
; Auto ROM Replacement                                                       ; On                 ; On                 ;
; Auto RAM Replacement                                                       ; On                 ; On                 ;
; Auto DSP Block Replacement                                                 ; On                 ; On                 ;
; Auto Shift Register Replacement                                            ; Auto               ; Auto               ;
; Allow Shift Register Merging across Hierarchies                            ; Auto               ; Auto               ;
; Auto Clock Enable Replacement                                              ; On                 ; On                 ;
; Strict RAM Replacement                                                     ; Off                ; Off                ;
; Allow Synchronous Control Signals                                          ; On                 ; On                 ;
; Force Use of Synchronous Clear Signals                                     ; Off                ; Off                ;
; Auto RAM Block Balancing                                                   ; On                 ; On                 ;
; Auto RAM to Logic Cell Conversion                                          ; Off                ; Off                ;
; Auto Resource Sharing                                                      ; Off                ; Off                ;
; Allow Any RAM Size For Recognition                                         ; Off                ; Off                ;
; Allow Any ROM Size For Recognition                                         ; Off                ; Off                ;
; Allow Any Shift Register Size For Recognition                              ; Off                ; Off                ;
; Use LogicLock Constraints during Resource Balancing                        ; On                 ; On                 ;
; Ignore translate_off and synthesis_off directives                          ; Off                ; Off                ;
; Timing-Driven Synthesis                                                    ; On                 ; On                 ;
; Report Parameter Settings                                                  ; On                 ; On                 ;
; Report Source Assignments                                                  ; On                 ; On                 ;
; Report Connectivity Checks                                                 ; On                 ; On                 ;
; Ignore Maximum Fan-Out Assignments                                         ; Off                ; Off                ;
; Synchronization Register Chain Length                                      ; 2                  ; 2                  ;
; PowerPlay Power Optimization During Synthesis                              ; Normal compilation ; Normal compilation ;
; HDL message level                                                          ; Level2             ; Level2             ;
; Suppress Register Optimization Related Messages                            ; Off                ; Off                ;
; Number of Removed Registers Reported in Synthesis Report                   ; 5000               ; 5000               ;
; Number of Swept Nodes Reported in Synthesis Report                         ; 5000               ; 5000               ;
; Number of Inverted Registers Reported in Synthesis Report                  ; 100                ; 100                ;
; Clock MUX Protection                                                       ; On                 ; On                 ;
; Auto Gated Clock Conversion                                                ; Off                ; Off                ;
; Block Design Naming                                                        ; Auto               ; Auto               ;
; SDC constraint protection                                                  ; Off                ; Off                ;
; Synthesis Effort                                                           ; Auto               ; Auto               ;
; Shift Register Replacement - Allow Asynchronous Clear Signal               ; On                 ; On                 ;
; Pre-Mapping Resynthesis Optimization                                       ; Off                ; Off                ;
; Analysis & Synthesis Message Level                                         ; Medium             ; Medium             ;
; Disable Register Merging Across Hierarchies                                ; Auto               ; Auto               ;
; Resource Aware Inference For Block RAM                                     ; On                 ; On                 ;
; Synthesis Seed                                                             ; 1                  ; 1                  ;
+----------------------------------------------------------------------------+--------------------+--------------------+


+------------------------------------------+
; Parallel Compilation                     ;
+----------------------------+-------------+
; Processors                 ; Number      ;
+----------------------------+-------------+
; Number detected on machine ; 6           ;
; Maximum allowed            ; 6           ;
;                            ;             ;
; Average used               ; 1.00        ;
; Maximum used               ; 2           ;
;                            ;             ;
; Usage by Processor         ; % Time Used ;
;     Processor 1            ; 100.0%      ;
;     Processor 2            ; < 0.1%      ;
;     Processors 3-6         ;   0.0%      ;
+----------------------------+-------------+


+------------------------------------------------------------------------------------------------------------------------------------------------------------------+
; Analysis & Synthesis Source Files Read                                                                                                                           ;
+----------------------------------+-----------------+------------------------------+--------------------------------------------------------------------+---------+
; File Name with User-Entered Path ; Used in Netlist ; File Type                    ; File Name with Absolute Path                                       ; Library ;
+----------------------------------+-----------------+------------------------------+--------------------------------------------------------------------+---------+
; lcd_controller.v                 ; yes             ; User Verilog HDL File        ; C:/Users/user/Desktop/design/VHD/lcd_controller.v                  ;         ;
; HW21.v                           ; yes             ; User Verilog HDL File        ; C:/Users/user/Desktop/design/VHD/HW21.v                            ;         ;
; lpm_divide.tdf                   ; yes             ; Megafunction                 ; c:/altera/14.1/quartus/libraries/megafunctions/lpm_divide.tdf      ;         ;
; abs_divider.inc                  ; yes             ; Megafunction                 ; c:/altera/14.1/quartus/libraries/megafunctions/abs_divider.inc     ;         ;
; sign_div_unsign.inc              ; yes             ; Megafunction                 ; c:/altera/14.1/quartus/libraries/megafunctions/sign_div_unsign.inc ;         ;
; aglobal141.inc                   ; yes             ; Megafunction                 ; c:/altera/14.1/quartus/libraries/megafunctions/aglobal141.inc      ;         ;
; db/lpm_divide_sim.tdf            ; yes             ; Auto-Generated Megafunction  ; C:/Users/user/Desktop/design/VHD/db/lpm_divide_sim.tdf             ;         ;
; db/sign_div_unsign_klh.tdf       ; yes             ; Auto-Generated Megafunction  ; C:/Users/user/Desktop/design/VHD/db/sign_div_unsign_klh.tdf        ;         ;
; db/alt_u_div_s6f.tdf             ; yes             ; Auto-Generated Megafunction  ; C:/Users/user/Desktop/design/VHD/db/alt_u_div_s6f.tdf              ;         ;
; db/add_sub_7pc.tdf               ; yes             ; Auto-Generated Megafunction  ; C:/Users/user/Desktop/design/VHD/db/add_sub_7pc.tdf                ;         ;
; db/add_sub_8pc.tdf               ; yes             ; Auto-Generated Megafunction  ; C:/Users/user/Desktop/design/VHD/db/add_sub_8pc.tdf                ;         ;
; db/lpm_divide_vam.tdf            ; yes             ; Auto-Generated Megafunction  ; C:/Users/user/Desktop/design/VHD/db/lpm_divide_vam.tdf             ;         ;
+----------------------------------+-----------------+------------------------------+--------------------------------------------------------------------+---------+


+---------------------------------------------------------+
; Analysis & Synthesis Resource Usage Summary             ;
+---------------------------------------------+-----------+
; Resource                                    ; Usage     ;
+---------------------------------------------+-----------+
; Estimated Total logic elements              ; 363       ;
;                                             ;           ;
; Total combinational functions               ; 353       ;
; Logic element usage by number of LUT inputs ;           ;
;     -- 4 input functions                    ; 80        ;
;     -- 3 input functions                    ; 85        ;
;     -- <=2 input functions                  ; 188       ;
;                                             ;           ;
; Logic elements by mode                      ;           ;
;     -- normal mode                          ; 228       ;
;     -- arithmetic mode                      ; 125       ;
;                                             ;           ;
; Total registers                             ; 101       ;
;     -- Dedicated logic registers            ; 101       ;
;     -- I/O registers                        ; 0         ;
;                                             ;           ;
; I/O pins                                    ; 21        ;
;                                             ;           ;
; Embedded Multiplier 9-bit elements          ; 0         ;
;                                             ;           ;
; Maximum fan-out node                        ; CLK~input ;
; Maximum fan-out                             ; 90        ;
; Total fan-out                               ; 1274      ;
; Average fan-out                             ; 2.57      ;
+---------------------------------------------+-----------+


+---------------------------------------------------------------------------------------------------------------------------------------------------------------------------------------------------------------------------------------------------------------------------+
; Analysis & Synthesis Resource Utilization by Entity                                                                                                                                                                                                                       ;
+----------------------------------------+-------------------+--------------+-------------+--------------+---------+-----------+------+--------------+-------------------------------------------------------------------------------------------------------+--------------+
; Compilation Hierarchy Node             ; LC Combinationals ; LC Registers ; Memory Bits ; DSP Elements ; DSP 9x9 ; DSP 18x18 ; Pins ; Virtual Pins ; Full Hierarchy Name                                                                                   ; Library Name ;
+----------------------------------------+-------------------+--------------+-------------+--------------+---------+-----------+------+--------------+-------------------------------------------------------------------------------------------------------+--------------+
; |HW21                                  ; 353 (113)         ; 101 (88)     ; 0           ; 0            ; 0       ; 0         ; 21   ; 0            ; |HW21                                                                                                 ; work         ;
;    |lcd_controller:u0|                 ; 23 (23)           ; 13 (13)      ; 0           ; 0            ; 0       ; 0         ; 0    ; 0            ; |HW21|lcd_controller:u0                                                                               ; work         ;
;    |lpm_divide:Div0|                   ; 82 (0)            ; 0 (0)        ; 0           ; 0            ; 0       ; 0         ; 0    ; 0            ; |HW21|lpm_divide:Div0                                                                                 ; work         ;
;       |lpm_divide_sim:auto_generated|  ; 82 (0)            ; 0 (0)        ; 0           ; 0            ; 0       ; 0         ; 0    ; 0            ; |HW21|lpm_divide:Div0|lpm_divide_sim:auto_generated                                                   ; work         ;
;          |sign_div_unsign_klh:divider| ; 82 (0)            ; 0 (0)        ; 0           ; 0            ; 0       ; 0         ; 0    ; 0            ; |HW21|lpm_divide:Div0|lpm_divide_sim:auto_generated|sign_div_unsign_klh:divider                       ; work         ;
;             |alt_u_div_s6f:divider|    ; 82 (82)           ; 0 (0)        ; 0           ; 0            ; 0       ; 0         ; 0    ; 0            ; |HW21|lpm_divide:Div0|lpm_divide_sim:auto_generated|sign_div_unsign_klh:divider|alt_u_div_s6f:divider ; work         ;
;    |lpm_divide:Mod0|                   ; 85 (0)            ; 0 (0)        ; 0           ; 0            ; 0       ; 0         ; 0    ; 0            ; |HW21|lpm_divide:Mod0                                                                                 ; work         ;
;       |lpm_divide_vam:auto_generated|  ; 85 (0)            ; 0 (0)        ; 0           ; 0            ; 0       ; 0         ; 0    ; 0            ; |HW21|lpm_divide:Mod0|lpm_divide_vam:auto_generated                                                   ; work         ;
;          |sign_div_unsign_klh:divider| ; 85 (0)            ; 0 (0)        ; 0           ; 0            ; 0       ; 0         ; 0    ; 0            ; |HW21|lpm_divide:Mod0|lpm_divide_vam:auto_generated|sign_div_unsign_klh:divider                       ; work         ;
;             |alt_u_div_s6f:divider|    ; 85 (85)           ; 0 (0)        ; 0           ; 0            ; 0       ; 0         ; 0    ; 0            ; |HW21|lpm_divide:Mod0|lpm_divide_vam:auto_generated|sign_div_unsign_klh:divider|alt_u_div_s6f:divider ; work         ;
;    |lpm_divide:Mod1|                   ; 50 (0)            ; 0 (0)        ; 0           ; 0            ; 0       ; 0         ; 0    ; 0            ; |HW21|lpm_divide:Mod1                                                                                 ; work         ;
;       |lpm_divide_vam:auto_generated|  ; 50 (0)            ; 0 (0)        ; 0           ; 0            ; 0       ; 0         ; 0    ; 0            ; |HW21|lpm_divide:Mod1|lpm_divide_vam:auto_generated                                                   ; work         ;
;          |sign_div_unsign_klh:divider| ; 50 (0)            ; 0 (0)        ; 0           ; 0            ; 0       ; 0         ; 0    ; 0            ; |HW21|lpm_divide:Mod1|lpm_divide_vam:auto_generated|sign_div_unsign_klh:divider                       ; work         ;
;             |alt_u_div_s6f:divider|    ; 50 (50)           ; 0 (0)        ; 0           ; 0            ; 0       ; 0         ; 0    ; 0            ; |HW21|lpm_divide:Mod1|lpm_divide_vam:auto_generated|sign_div_unsign_klh:divider|alt_u_div_s6f:divider ; work         ;
+----------------------------------------+-------------------+--------------+-------------+--------------+---------+-----------+------+--------------+-------------------------------------------------------------------------------------------------------+--------------+
Note: For table entries with two numbers listed, the numbers in parentheses indicate the number of resources of the given type used by the specific entity alone. The numbers listed outside of parentheses indicate the total resources of the given type used by the specific entity and all of its sub-entities in the hierarchy.


Encoding Type:  One-Hot
+------------------------------------------------------------------------------------+
; State Machine - |HW21|mlcd_st                                                      ;
+----------------+----------------+----------------+----------------+----------------+
; Name           ; mlcd_st.000011 ; mlcd_st.000010 ; mlcd_st.000001 ; mlcd_st.000000 ;
+----------------+----------------+----------------+----------------+----------------+
; mlcd_st.000000 ; 0              ; 0              ; 0              ; 0              ;
; mlcd_st.000001 ; 0              ; 0              ; 1              ; 1              ;
; mlcd_st.000010 ; 0              ; 1              ; 0              ; 1              ;
; mlcd_st.000011 ; 1              ; 0              ; 0              ; 1              ;
+----------------+----------------+----------------+----------------+----------------+


Encoding Type:  One-Hot
+------------------------------------------------------+
; State Machine - |HW21|lcd_controller:u0|state        ;
+----------+----------+----------+----------+----------+
; Name     ; state.11 ; state.10 ; state.01 ; state.00 ;
+----------+----------+----------+----------+----------+
; state.00 ; 0        ; 0        ; 0        ; 0        ;
; state.01 ; 0        ; 0        ; 1        ; 1        ;
; state.10 ; 0        ; 1        ; 0        ; 1        ;
; state.11 ; 1        ; 0        ; 0        ; 1        ;
+----------+----------+----------+----------+----------+


+----------------------------------------------------------------------------------+
; Registers Removed During Synthesis                                               ;
+-----------------------------------------+----------------------------------------+
; Register name                           ; Reason for Removal                     ;
+-----------------------------------------+----------------------------------------+
; string_data[0][0][7]                    ; Stuck at GND due to stuck port data_in ;
; string_data[0][0][6]                    ; Stuck at VCC due to stuck port data_in ;
; string_data[0][0][5]                    ; Stuck at GND due to stuck port data_in ;
; string_data[0][0][4]                    ; Stuck at GND due to stuck port data_in ;
; string_data[0][0][3]                    ; Stuck at GND due to stuck port data_in ;
; string_data[0][0][2]                    ; Stuck at GND due to stuck port data_in ;
; string_data[0][0][1]                    ; Stuck at VCC due to stuck port data_in ;
; string_data[0][0][0]                    ; Stuck at VCC due to stuck port data_in ;
; string_data[0][1][0]                    ; Stuck at GND due to stuck port data_in ;
; string_data[0][1][1]                    ; Stuck at GND due to stuck port data_in ;
; string_data[0][1][2]                    ; Stuck at GND due to stuck port data_in ;
; string_data[0][1][3]                    ; Stuck at GND due to stuck port data_in ;
; string_data[0][1][4]                    ; Stuck at GND due to stuck port data_in ;
; string_data[0][1][5]                    ; Stuck at VCC due to stuck port data_in ;
; string_data[0][1][6]                    ; Stuck at GND due to stuck port data_in ;
; string_data[0][1][7]                    ; Stuck at GND due to stuck port data_in ;
; string_data[1][0][0]                    ; Stuck at GND due to stuck port data_in ;
; string_data[1][0][1]                    ; Stuck at GND due to stuck port data_in ;
; string_data[1][0][2]                    ; Stuck at VCC due to stuck port data_in ;
; string_data[1][0][3]                    ; Stuck at VCC due to stuck port data_in ;
; string_data[1][0][4]                    ; Stuck at GND due to stuck port data_in ;
; string_data[1][0][5]                    ; Stuck at GND due to stuck port data_in ;
; string_data[1][0][6]                    ; Stuck at VCC due to stuck port data_in ;
; string_data[1][0][7]                    ; Stuck at GND due to stuck port data_in ;
; string_data[1][1][0]                    ; Stuck at GND due to stuck port data_in ;
; string_data[1][1][1]                    ; Stuck at GND due to stuck port data_in ;
; string_data[1][1][2]                    ; Stuck at GND due to stuck port data_in ;
; string_data[1][1][3]                    ; Stuck at GND due to stuck port data_in ;
; string_data[1][1][4]                    ; Stuck at GND due to stuck port data_in ;
; string_data[1][1][5]                    ; Stuck at VCC due to stuck port data_in ;
; string_data[1][1][6]                    ; Stuck at GND due to stuck port data_in ;
; string_data[1][1][7]                    ; Stuck at GND due to stuck port data_in ;
; string_data[2][0][0]                    ; Stuck at VCC due to stuck port data_in ;
; string_data[2][0][1]                    ; Stuck at VCC due to stuck port data_in ;
; string_data[2][0][2]                    ; Stuck at GND due to stuck port data_in ;
; string_data[2][0][3]                    ; Stuck at VCC due to stuck port data_in ;
; string_data[2][0][4]                    ; Stuck at GND due to stuck port data_in ;
; string_data[2][0][5]                    ; Stuck at GND due to stuck port data_in ;
; string_data[2][0][6]                    ; Stuck at VCC due to stuck port data_in ;
; string_data[2][0][7]                    ; Stuck at GND due to stuck port data_in ;
; string_data[2][1][0]                    ; Stuck at GND due to stuck port data_in ;
; string_data[2][1][1]                    ; Stuck at GND due to stuck port data_in ;
; string_data[2][1][2]                    ; Stuck at GND due to stuck port data_in ;
; string_data[2][1][3]                    ; Stuck at GND due to stuck port data_in ;
; string_data[2][1][4]                    ; Stuck at GND due to stuck port data_in ;
; string_data[2][1][5]                    ; Stuck at VCC due to stuck port data_in ;
; string_data[2][1][6]                    ; Stuck at GND due to stuck port data_in ;
; string_data[2][1][7]                    ; Stuck at GND due to stuck port data_in ;
; string_data[3][0][0]                    ; Stuck at GND due to stuck port data_in ;
; string_data[3][0][1]                    ; Stuck at GND due to stuck port data_in ;
; string_data[3][0][2]                    ; Stuck at GND due to stuck port data_in ;
; string_data[3][0][3]                    ; Stuck at GND due to stuck port data_in ;
; string_data[3][0][4]                    ; Stuck at GND due to stuck port data_in ;
; string_data[3][0][5]                    ; Stuck at VCC due to stuck port data_in ;
; string_data[3][0][6]                    ; Stuck at GND due to stuck port data_in ;
; string_data[3][0][7]                    ; Stuck at GND due to stuck port data_in ;
; string_data[3][1][0]                    ; Stuck at GND due to stuck port data_in ;
; string_data[3][1][1]                    ; Stuck at GND due to stuck port data_in ;
; string_data[3][1][2]                    ; Stuck at GND due to stuck port data_in ;
; string_data[3][1][3]                    ; Stuck at GND due to stuck port data_in ;
; string_data[3][1][4]                    ; Stuck at GND due to stuck port data_in ;
; string_data[3][1][5]                    ; Stuck at VCC due to stuck port data_in ;
; string_data[3][1][6]                    ; Stuck at GND due to stuck port data_in ;
; string_data[3][1][7]                    ; Stuck at GND due to stuck port data_in ;
; string_data[4][0][0]                    ; Stuck at VCC due to stuck port data_in ;
; string_data[4][0][1]                    ; Stuck at VCC due to stuck port data_in ;
; string_data[4][0][2]                    ; Stuck at GND due to stuck port data_in ;
; string_data[4][0][3]                    ; Stuck at GND due to stuck port data_in ;
; string_data[4][0][4]                    ; Stuck at VCC due to stuck port data_in ;
; string_data[4][0][5]                    ; Stuck at GND due to stuck port data_in ;
; string_data[4][0][6]                    ; Stuck at VCC due to stuck port data_in ;
; string_data[4][0][7]                    ; Stuck at GND due to stuck port data_in ;
; string_data[4][1][0]                    ; Stuck at GND due to stuck port data_in ;
; string_data[4][1][1]                    ; Stuck at GND due to stuck port data_in ;
; string_data[4][1][2]                    ; Stuck at GND due to stuck port data_in ;
; string_data[4][1][3]                    ; Stuck at GND due to stuck port data_in ;
; string_data[4][1][4]                    ; Stuck at GND due to stuck port data_in ;
; string_data[4][1][5]                    ; Stuck at VCC due to stuck port data_in ;
; string_data[4][1][6]                    ; Stuck at GND due to stuck port data_in ;
; string_data[4][1][7]                    ; Stuck at GND due to stuck port data_in ;
; string_data[5][0][0]                    ; Stuck at VCC due to stuck port data_in ;
; string_data[5][0][1]                    ; Stuck at GND due to stuck port data_in ;
; string_data[5][0][2]                    ; Stuck at VCC due to stuck port data_in ;
; string_data[5][0][3]                    ; Stuck at GND due to stuck port data_in ;
; string_data[5][0][4]                    ; Stuck at GND due to stuck port data_in ;
; string_data[5][0][5]                    ; Stuck at GND due to stuck port data_in ;
; string_data[5][0][6]                    ; Stuck at VCC due to stuck port data_in ;
; string_data[5][0][7]                    ; Stuck at GND due to stuck port data_in ;
; string_data[5][1][0]                    ; Stuck at GND due to stuck port data_in ;
; string_data[5][1][1]                    ; Stuck at GND due to stuck port data_in ;
; string_data[5][1][2]                    ; Stuck at GND due to stuck port data_in ;
; string_data[5][1][3]                    ; Stuck at GND due to stuck port data_in ;
; string_data[5][1][4]                    ; Stuck at GND due to stuck port data_in ;
; string_data[5][1][5]                    ; Stuck at VCC due to stuck port data_in ;
; string_data[5][1][6]                    ; Stuck at GND due to stuck port data_in ;
; string_data[5][1][7]                    ; Stuck at GND due to stuck port data_in ;
; string_data[6][0][0]                    ; Stuck at GND due to stuck port data_in ;
; string_data[6][0][1]                    ; Stuck at GND due to stuck port data_in ;
; string_data[6][0][2]                    ; Stuck at VCC due to stuck port data_in ;
; string_data[6][0][3]                    ; Stuck at GND due to stuck port data_in ;
; string_data[6][0][4]                    ; Stuck at VCC due to stuck port data_in ;
; string_data[6][0][5]                    ; Stuck at GND due to stuck port data_in ;
; string_data[6][0][6]                    ; Stuck at VCC due to stuck port data_in ;
; string_data[6][0][7]                    ; Stuck at GND due to stuck port data_in ;
; string_data[6][1][0]                    ; Stuck at GND due to stuck port data_in ;
; string_data[6][1][1]                    ; Stuck at GND due to stuck port data_in ;
; string_data[6][1][2]                    ; Stuck at GND due to stuck port data_in ;
; string_data[6][1][3]                    ; Stuck at GND due to stuck port data_in ;
; string_data[6][1][4]                    ; Stuck at GND due to stuck port data_in ;
; string_data[6][1][5]                    ; Stuck at VCC due to stuck port data_in ;
; string_data[6][1][6]                    ; Stuck at GND due to stuck port data_in ;
; string_data[6][1][7]                    ; Stuck at GND due to stuck port data_in ;
; string_data[7][0][0]                    ; Stuck at GND due to stuck port data_in ;
; string_data[7][0][1]                    ; Stuck at VCC due to stuck port data_in ;
; string_data[7][0][2]                    ; Stuck at GND due to stuck port data_in ;
; string_data[7][0][3]                    ; Stuck at VCC due to stuck port data_in ;
; string_data[7][0][4]                    ; Stuck at VCC due to stuck port data_in ;
; string_data[7][0][5]                    ; Stuck at VCC due to stuck port data_in ;
; string_data[7][0][6]                    ; Stuck at GND due to stuck port data_in ;
; string_data[7][0][7]                    ; Stuck at GND due to stuck port data_in ;
; string_data[7][1][0]                    ; Stuck at GND due to stuck port data_in ;
; string_data[7][1][1]                    ; Stuck at GND due to stuck port data_in ;
; string_data[7][1][2]                    ; Stuck at GND due to stuck port data_in ;
; string_data[7][1][3]                    ; Stuck at GND due to stuck port data_in ;
; string_data[7][1][4]                    ; Stuck at GND due to stuck port data_in ;
; string_data[7][1][5]                    ; Stuck at VCC due to stuck port data_in ;
; string_data[7][1][6]                    ; Stuck at GND due to stuck port data_in ;
; string_data[7][1][7]                    ; Stuck at GND due to stuck port data_in ;
; string_data[8][0][4]                    ; Stuck at VCC due to stuck port data_in ;
; string_data[8][0][5]                    ; Stuck at VCC due to stuck port data_in ;
; string_data[8][0][6]                    ; Stuck at GND due to stuck port data_in ;
; string_data[8][0][7]                    ; Stuck at GND due to stuck port data_in ;
; string_data[8][1][0]                    ; Stuck at GND due to stuck port data_in ;
; string_data[8][1][1]                    ; Stuck at GND due to stuck port data_in ;
; string_data[8][1][2]                    ; Stuck at GND due to stuck port data_in ;
; string_data[8][1][3]                    ; Stuck at GND due to stuck port data_in ;
; string_data[8][1][4]                    ; Stuck at GND due to stuck port data_in ;
; string_data[8][1][5]                    ; Stuck at VCC due to stuck port data_in ;
; string_data[8][1][6]                    ; Stuck at GND due to stuck port data_in ;
; string_data[8][1][7]                    ; Stuck at GND due to stuck port data_in ;
; string_data[9][0][4]                    ; Stuck at VCC due to stuck port data_in ;
; string_data[9][0][5]                    ; Stuck at VCC due to stuck port data_in ;
; string_data[9][0][6]                    ; Stuck at GND due to stuck port data_in ;
; string_data[9][0][7]                    ; Stuck at GND due to stuck port data_in ;
; string_data[9][1][0]                    ; Stuck at GND due to stuck port data_in ;
; string_data[9][1][1]                    ; Stuck at GND due to stuck port data_in ;
; string_data[9][1][2]                    ; Stuck at GND due to stuck port data_in ;
; string_data[9][1][3]                    ; Stuck at GND due to stuck port data_in ;
; string_data[9][1][4]                    ; Stuck at GND due to stuck port data_in ;
; string_data[9][1][5]                    ; Stuck at VCC due to stuck port data_in ;
; string_data[9][1][6]                    ; Stuck at GND due to stuck port data_in ;
; string_data[9][1][7]                    ; Stuck at GND due to stuck port data_in ;
; string_data[10][0][0]                   ; Stuck at GND due to stuck port data_in ;
; string_data[10][0][1]                   ; Stuck at GND due to stuck port data_in ;
; string_data[10][0][2]                   ; Stuck at GND due to stuck port data_in ;
; string_data[10][0][3]                   ; Stuck at GND due to stuck port data_in ;
; string_data[10][0][4]                   ; Stuck at GND due to stuck port data_in ;
; string_data[10][0][5]                   ; Stuck at VCC due to stuck port data_in ;
; string_data[10][0][6]                   ; Stuck at GND due to stuck port data_in ;
; string_data[10][0][7]                   ; Stuck at GND due to stuck port data_in ;
; string_data[10][1][0]                   ; Stuck at GND due to stuck port data_in ;
; string_data[10][1][1]                   ; Stuck at GND due to stuck port data_in ;
; string_data[10][1][2]                   ; Stuck at GND due to stuck port data_in ;
; string_data[10][1][3]                   ; Stuck at GND due to stuck port data_in ;
; string_data[10][1][4]                   ; Stuck at GND due to stuck port data_in ;
; string_data[10][1][5]                   ; Stuck at VCC due to stuck port data_in ;
; string_data[10][1][6]                   ; Stuck at GND due to stuck port data_in ;
; string_data[10][1][7]                   ; Stuck at GND due to stuck port data_in ;
; string_data[11][0][0]                   ; Stuck at GND due to stuck port data_in ;
; string_data[11][0][1]                   ; Stuck at GND due to stuck port data_in ;
; string_data[11][0][2]                   ; Stuck at GND due to stuck port data_in ;
; string_data[11][0][3]                   ; Stuck at GND due to stuck port data_in ;
; string_data[11][0][4]                   ; Stuck at GND due to stuck port data_in ;
; string_data[11][0][5]                   ; Stuck at VCC due to stuck port data_in ;
; string_data[11][0][6]                   ; Stuck at GND due to stuck port data_in ;
; string_data[11][0][7]                   ; Stuck at GND due to stuck port data_in ;
; string_data[11][1][0]                   ; Stuck at GND due to stuck port data_in ;
; string_data[11][1][1]                   ; Stuck at GND due to stuck port data_in ;
; string_data[11][1][2]                   ; Stuck at GND due to stuck port data_in ;
; string_data[11][1][3]                   ; Stuck at GND due to stuck port data_in ;
; string_data[11][1][4]                   ; Stuck at GND due to stuck port data_in ;
; string_data[11][1][5]                   ; Stuck at VCC due to stuck port data_in ;
; string_data[11][1][6]                   ; Stuck at GND due to stuck port data_in ;
; string_data[11][1][7]                   ; Stuck at GND due to stuck port data_in ;
; string_data[12][0][0]                   ; Stuck at GND due to stuck port data_in ;
; string_data[12][0][1]                   ; Stuck at GND due to stuck port data_in ;
; string_data[12][0][2]                   ; Stuck at GND due to stuck port data_in ;
; string_data[12][0][3]                   ; Stuck at GND due to stuck port data_in ;
; string_data[12][0][4]                   ; Stuck at GND due to stuck port data_in ;
; string_data[12][0][5]                   ; Stuck at VCC due to stuck port data_in ;
; string_data[12][0][6]                   ; Stuck at GND due to stuck port data_in ;
; string_data[12][0][7]                   ; Stuck at GND due to stuck port data_in ;
; string_data[12][1][0]                   ; Stuck at GND due to stuck port data_in ;
; string_data[12][1][1]                   ; Stuck at GND due to stuck port data_in ;
; string_data[12][1][2]                   ; Stuck at GND due to stuck port data_in ;
; string_data[12][1][3]                   ; Stuck at GND due to stuck port data_in ;
; string_data[12][1][4]                   ; Stuck at GND due to stuck port data_in ;
; string_data[12][1][5]                   ; Stuck at VCC due to stuck port data_in ;
; string_data[12][1][6]                   ; Stuck at GND due to stuck port data_in ;
; string_data[12][1][7]                   ; Stuck at GND due to stuck port data_in ;
; string_data[13][0][0]                   ; Stuck at GND due to stuck port data_in ;
; string_data[13][0][1]                   ; Stuck at GND due to stuck port data_in ;
; string_data[13][0][2]                   ; Stuck at GND due to stuck port data_in ;
; string_data[13][0][3]                   ; Stuck at GND due to stuck port data_in ;
; string_data[13][0][4]                   ; Stuck at GND due to stuck port data_in ;
; string_data[13][0][5]                   ; Stuck at VCC due to stuck port data_in ;
; string_data[13][0][6]                   ; Stuck at GND due to stuck port data_in ;
; string_data[13][0][7]                   ; Stuck at GND due to stuck port data_in ;
; string_data[13][1][0]                   ; Stuck at GND due to stuck port data_in ;
; string_data[13][1][1]                   ; Stuck at GND due to stuck port data_in ;
; string_data[13][1][2]                   ; Stuck at GND due to stuck port data_in ;
; string_data[13][1][3]                   ; Stuck at GND due to stuck port data_in ;
; string_data[13][1][4]                   ; Stuck at GND due to stuck port data_in ;
; string_data[13][1][5]                   ; Stuck at VCC due to stuck port data_in ;
; string_data[13][1][6]                   ; Stuck at GND due to stuck port data_in ;
; string_data[13][1][7]                   ; Stuck at GND due to stuck port data_in ;
; string_data[14][0][0]                   ; Stuck at GND due to stuck port data_in ;
; string_data[14][0][1]                   ; Stuck at GND due to stuck port data_in ;
; string_data[14][0][2]                   ; Stuck at GND due to stuck port data_in ;
; string_data[14][0][3]                   ; Stuck at GND due to stuck port data_in ;
; string_data[14][0][4]                   ; Stuck at GND due to stuck port data_in ;
; string_data[14][0][5]                   ; Stuck at VCC due to stuck port data_in ;
; string_data[14][0][6]                   ; Stuck at GND due to stuck port data_in ;
; string_data[14][0][7]                   ; Stuck at GND due to stuck port data_in ;
; string_data[14][1][0]                   ; Stuck at GND due to stuck port data_in ;
; string_data[14][1][1]                   ; Stuck at GND due to stuck port data_in ;
; string_data[14][1][2]                   ; Stuck at GND due to stuck port data_in ;
; string_data[14][1][3]                   ; Stuck at GND due to stuck port data_in ;
; string_data[14][1][4]                   ; Stuck at GND due to stuck port data_in ;
; string_data[14][1][5]                   ; Stuck at VCC due to stuck port data_in ;
; string_data[14][1][6]                   ; Stuck at GND due to stuck port data_in ;
; string_data[14][1][7]                   ; Stuck at GND due to stuck port data_in ;
; string_data[15][0][0]                   ; Stuck at GND due to stuck port data_in ;
; string_data[15][0][1]                   ; Stuck at GND due to stuck port data_in ;
; string_data[15][0][2]                   ; Stuck at GND due to stuck port data_in ;
; string_data[15][0][3]                   ; Stuck at GND due to stuck port data_in ;
; string_data[15][0][4]                   ; Stuck at GND due to stuck port data_in ;
; string_data[15][0][5]                   ; Stuck at VCC due to stuck port data_in ;
; string_data[15][0][6]                   ; Stuck at GND due to stuck port data_in ;
; string_data[15][0][7]                   ; Stuck at GND due to stuck port data_in ;
; string_data[15][1][0]                   ; Stuck at GND due to stuck port data_in ;
; string_data[15][1][1]                   ; Stuck at GND due to stuck port data_in ;
; string_data[15][1][2]                   ; Stuck at GND due to stuck port data_in ;
; string_data[15][1][3]                   ; Stuck at GND due to stuck port data_in ;
; string_data[15][1][4]                   ; Stuck at GND due to stuck port data_in ;
; string_data[15][1][5]                   ; Stuck at VCC due to stuck port data_in ;
; string_data[15][1][6]                   ; Stuck at GND due to stuck port data_in ;
; string_data[15][1][7]                   ; Stuck at GND due to stuck port data_in ;
; mlcd_st~8                               ; Lost fanout                            ;
; mlcd_st~9                               ; Lost fanout                            ;
; mlcd_st~10                              ; Lost fanout                            ;
; mlcd_st~11                              ; Lost fanout                            ;
; mlcd_st~12                              ; Lost fanout                            ;
; mlcd_st~13                              ; Lost fanout                            ;
; lcd_controller:u0|state~8               ; Lost fanout                            ;
; lcd_controller:u0|state~9               ; Lost fanout                            ;
; q[21..30]                               ; Lost fanout                            ;
; Total Number of Removed Registers = 266 ;                                        ;
+-----------------------------------------+----------------------------------------+


+------------------------------------------------------+
; General Register Statistics                          ;
+----------------------------------------------+-------+
; Statistic                                    ; Value ;
+----------------------------------------------+-------+
; Total registers                              ; 101   ;
; Number of registers using Synchronous Clear  ; 28    ;
; Number of registers using Synchronous Load   ; 0     ;
; Number of registers using Asynchronous Clear ; 53    ;
; Number of registers using Asynchronous Load  ; 0     ;
; Number of registers using Clock Enable       ; 58    ;
; Number of registers using Preset             ; 0     ;
+----------------------------------------------+-------+


+----------------------------------------------------------------------------------------------------------------------------------------------+
; Multiplexer Restructuring Statistics (Restructuring Performed)                                                                               ;
+--------------------+-----------+---------------+----------------------+------------------------+------------+--------------------------------+
; Multiplexer Inputs ; Bus Width ; Baseline Area ; Area if Restructured ; Saving if Restructured ; Registered ; Example Multiplexer Output     ;
+--------------------+-----------+---------------+----------------------+------------------------+------------+--------------------------------+
; 3:1                ; 2 bits    ; 4 LEs         ; 2 LEs                ; 2 LEs                  ; Yes        ; |HW21|lcd_controller:u0|mstart ;
; 4:1                ; 10 bits   ; 20 LEs        ; 10 LEs               ; 10 LEs                 ; Yes        ; |HW21|tim[7]                   ;
; 256:1              ; 4 bits    ; 680 LEs       ; 52 LEs               ; 628 LEs                ; Yes        ; |HW21|mlcd_data[3]             ;
; 7:1                ; 2 bits    ; 8 LEs         ; 6 LEs                ; 2 LEs                  ; No         ; |HW21|mlcd_st                  ;
+--------------------+-----------+---------------+----------------------+------------------------+------------+--------------------------------+


+------------------------------------------------------------------+
; Parameter Settings for Inferred Entity Instance: lpm_divide:Div0 ;
+------------------------+----------------+------------------------+
; Parameter Name         ; Value          ; Type                   ;
+------------------------+----------------+------------------------+
; LPM_WIDTHN             ; 10             ; Untyped                ;
; LPM_WIDTHD             ; 4              ; Untyped                ;
; LPM_NREPRESENTATION    ; UNSIGNED       ; Untyped                ;
; LPM_DREPRESENTATION    ; UNSIGNED       ; Untyped                ;
; LPM_PIPELINE           ; 0              ; Untyped                ;
; LPM_REMAINDERPOSITIVE  ; TRUE           ; Untyped                ;
; MAXIMIZE_SPEED         ; 5              ; Untyped                ;
; CBXI_PARAMETER         ; lpm_divide_sim ; Untyped                ;
; CARRY_CHAIN            ; MANUAL         ; Untyped                ;
; OPTIMIZE_FOR_SPEED     ; 5              ; Untyped                ;
; AUTO_CARRY_CHAINS      ; ON             ; AUTO_CARRY             ;
; IGNORE_CARRY_BUFFERS   ; OFF            ; IGNORE_CARRY           ;
; AUTO_CASCADE_CHAINS    ; ON             ; AUTO_CASCADE           ;
; IGNORE_CASCADE_BUFFERS ; OFF            ; IGNORE_CASCADE         ;
+------------------------+----------------+------------------------+
Note: In order to hide this table in the UI and the text report file, please set the "Show Parameter Settings in Synthesis Report" option in "Analysis and Synthesis Settings -> More Settings" to "Off".


+------------------------------------------------------------------+
; Parameter Settings for Inferred Entity Instance: lpm_divide:Mod1 ;
+------------------------+----------------+------------------------+
; Parameter Name         ; Value          ; Type                   ;
+------------------------+----------------+------------------------+
; LPM_WIDTHN             ; 10             ; Untyped                ;
; LPM_WIDTHD             ; 4              ; Untyped                ;
; LPM_NREPRESENTATION    ; UNSIGNED       ; Untyped                ;
; LPM_DREPRESENTATION    ; UNSIGNED       ; Untyped                ;
; LPM_PIPELINE           ; 0              ; Untyped                ;
; LPM_REMAINDERPOSITIVE  ; TRUE           ; Untyped                ;
; MAXIMIZE_SPEED         ; 5              ; Untyped                ;
; CBXI_PARAMETER         ; lpm_divide_vam ; Untyped                ;
; CARRY_CHAIN            ; MANUAL         ; Untyped                ;
; OPTIMIZE_FOR_SPEED     ; 5              ; Untyped                ;
; AUTO_CARRY_CHAINS      ; ON             ; AUTO_CARRY             ;
; IGNORE_CARRY_BUFFERS   ; OFF            ; IGNORE_CARRY           ;
; AUTO_CASCADE_CHAINS    ; ON             ; AUTO_CASCADE           ;
; IGNORE_CASCADE_BUFFERS ; OFF            ; IGNORE_CASCADE         ;
+------------------------+----------------+------------------------+
Note: In order to hide this table in the UI and the text report file, please set the "Show Parameter Settings in Synthesis Report" option in "Analysis and Synthesis Settings -> More Settings" to "Off".


+------------------------------------------------------------------+
; Parameter Settings for Inferred Entity Instance: lpm_divide:Mod0 ;
+------------------------+----------------+------------------------+
; Parameter Name         ; Value          ; Type                   ;
+------------------------+----------------+------------------------+
; LPM_WIDTHN             ; 10             ; Untyped                ;
; LPM_WIDTHD             ; 4              ; Untyped                ;
; LPM_NREPRESENTATION    ; UNSIGNED       ; Untyped                ;
; LPM_DREPRESENTATION    ; UNSIGNED       ; Untyped                ;
; LPM_PIPELINE           ; 0              ; Untyped                ;
; LPM_REMAINDERPOSITIVE  ; TRUE           ; Untyped                ;
; MAXIMIZE_SPEED         ; 5              ; Untyped                ;
; CBXI_PARAMETER         ; lpm_divide_vam ; Untyped                ;
; CARRY_CHAIN            ; MANUAL         ; Untyped                ;
; OPTIMIZE_FOR_SPEED     ; 5              ; Untyped                ;
; AUTO_CARRY_CHAINS      ; ON             ; AUTO_CARRY             ;
; IGNORE_CARRY_BUFFERS   ; OFF            ; IGNORE_CARRY           ;
; AUTO_CASCADE_CHAINS    ; ON             ; AUTO_CASCADE           ;
; IGNORE_CASCADE_BUFFERS ; OFF            ; IGNORE_CASCADE         ;
+------------------------+----------------+------------------------+
Note: In order to hide this table in the UI and the text report file, please set the "Show Parameter Settings in Synthesis Report" option in "Analysis and Synthesis Settings -> More Settings" to "Off".


+-----------------------------------------------------+
; Post-Synthesis Netlist Statistics for Top Partition ;
+-----------------------+-----------------------------+
; Type                  ; Count                       ;
+-----------------------+-----------------------------+
; boundary_port         ; 21                          ;
; cycloneiii_ff         ; 101                         ;
;     CLR               ; 5                           ;
;     ENA CLR           ; 30                          ;
;     ENA CLR SCLR      ; 18                          ;
;     ENA SCLR          ; 10                          ;
;     plain             ; 38                          ;
; cycloneiii_lcell_comb ; 355                         ;
;     arith             ; 125                         ;
;         1 data inputs ; 1                           ;
;         2 data inputs ; 54                          ;
;         3 data inputs ; 70                          ;
;     normal            ; 230                         ;
;         0 data inputs ; 20                          ;
;         1 data inputs ; 12                          ;
;         2 data inputs ; 103                         ;
;         3 data inputs ; 15                          ;
;         4 data inputs ; 80                          ;
;                       ;                             ;
; Max LUT depth         ; 17.70                       ;
; Average LUT depth     ; 9.54                        ;
+-----------------------+-----------------------------+


+-------------------------------+
; Elapsed Time Per Partition    ;
+----------------+--------------+
; Partition Name ; Elapsed Time ;
+----------------+--------------+
; Top            ; 00:00:00     ;
+----------------+--------------+


+-------------------------------+
; Analysis & Synthesis Messages ;
+-------------------------------+
Info: *******************************************************************
Info: Running Quartus II 64-Bit Analysis & Synthesis
    Info: Version 14.1.0 Build 186 12/03/2014 SJ Web Edition
    Info: Processing started: Thu Jun 01 11:26:42 2023
Info: Command: quartus_map --read_settings_files=on --write_settings_files=off t0302 -c t0302
Info (20030): Parallel compilation is enabled and will use 6 of the 6 processors detected
Info (12021): Found 1 design units, including 1 entities, in source file hw19.v
    Info (12023): Found entity 1: lcd_demo3
Warning (10335): Unrecognized synthesis attribute "de2" at HW20.v(112)
Info (12021): Found 1 design units, including 1 entities, in source file hw20.v
    Info (12023): Found entity 1: HW20
Info (12021): Found 1 design units, including 1 entities, in source file lcd_controller.v
    Info (12023): Found entity 1: lcd_controller
Info (12021): Found 1 design units, including 1 entities, in source file ram_demo.v
    Info (12023): Found entity 1: ram_demo
Info (12021): Found 1 design units, including 1 entities, in source file hw18.v
    Info (12023): Found entity 1: HW18
Info (12021): Found 2 design units, including 1 entities, in source file hw17.vhd
    Info (12022): Found design unit 1: HW17-X
    Info (12023): Found entity 1: HW17
Info (12021): Found 2 design units, including 1 entities, in source file hw16.vhd
    Info (12022): Found design unit 1: HW16-X
    Info (12023): Found entity 1: HW16
Info (12021): Found 2 design units, including 1 entities, in source file hw15.vhd
    Info (12022): Found design unit 1: HW15-X
    Info (12023): Found entity 1: HW15
Info (12021): Found 2 design units, including 1 entities, in source file hw14.vhd
    Info (12022): Found design unit 1: HW14-X
    Info (12023): Found entity 1: HW14
Info (12021): Found 1 design units, including 1 entities, in source file hw06.bdf
    Info (12023): Found entity 1: HW06
Info (12021): Found 1 design units, including 1 entities, in source file hw08.bdf
    Info (12023): Found entity 1: HW08
Info (12021): Found 1 design units, including 1 entities, in source file hw09.bdf
    Info (12023): Found entity 1: HW09
Info (12021): Found 1 design units, including 1 entities, in source file hw10.bdf
    Info (12023): Found entity 1: HW10
Info (12021): Found 2 design units, including 1 entities, in source file hw11.vhd
    Info (12022): Found design unit 1: SEG-X
    Info (12023): Found entity 1: SEG
Info (12021): Found 1 design units, including 1 entities, in source file clk10.bdf
    Info (12023): Found entity 1: clk10
Info (12021): Found 1 design units, including 1 entities, in source file hw11.bdf
    Info (12023): Found entity 1: HW11
Info (12021): Found 1 design units, including 1 entities, in source file clkmake.v
    Info (12023): Found entity 1: clkmake
Info (12021): Found 1 design units, including 1 entities, in source file hw12.v
    Info (12023): Found entity 1: HW12
Info (12021): Found 2 design units, including 1 entities, in source file hw13.vhd
    Info (12022): Found design unit 1: HW13-X
    Info (12023): Found entity 1: HW13
Info (12021): Found 1 design units, including 1 entities, in source file mid.v
    Info (12023): Found entity 1: mid
Warning (10335): Unrecognized synthesis attribute "de2" at HW21.v(115)
Info (12021): Found 1 design units, including 1 entities, in source file hw21.v
    Info (12023): Found entity 1: HW21
Info (12127): Elaborating entity "HW21" for the top level hierarchy
Warning (10230): Verilog HDL assignment warning at HW21.v(70): truncated value with size 32 to match size of target (18)
Warning (10230): Verilog HDL assignment warning at HW21.v(78): truncated value with size 32 to match size of target (8)
Warning (10230): Verilog HDL assignment warning at HW21.v(139): truncated value with size 32 to match size of target (4)
Warning (10230): Verilog HDL assignment warning at HW21.v(140): truncated value with size 32 to match size of target (4)
Warning (10230): Verilog HDL assignment warning at HW21.v(161): truncated value with size 32 to match size of target (31)
Warning (10230): Verilog HDL assignment warning at HW21.v(168): truncated value with size 32 to match size of target (10)
Warning (10230): Verilog HDL assignment warning at HW21.v(169): truncated value with size 32 to match size of target (10)
Info (10008): Verilog HDL or VHDL information: EDA Netlist Writer cannot regroup multidimensional array "string_data" into its bus
Info (12128): Elaborating entity "lcd_controller" for hierarchy "lcd_controller:u0"
Warning (10230): Verilog HDL assignment warning at lcd_controller.v(54): truncated value with size 32 to match size of target (5)
Info (278001): Inferred 3 megafunctions from design logic
    Info (278004): Inferred divider/modulo megafunction ("lpm_divide") from the following logic: "Div0"
    Info (278004): Inferred divider/modulo megafunction ("lpm_divide") from the following logic: "Mod1"
    Info (278004): Inferred divider/modulo megafunction ("lpm_divide") from the following logic: "Mod0"
Info (12130): Elaborated megafunction instantiation "lpm_divide:Div0"
Info (12133): Instantiated megafunction "lpm_divide:Div0" with the following parameter:
    Info (12134): Parameter "LPM_WIDTHN" = "10"
    Info (12134): Parameter "LPM_WIDTHD" = "4"
    Info (12134): Parameter "LPM_NREPRESENTATION" = "UNSIGNED"
    Info (12134): Parameter "LPM_DREPRESENTATION" = "UNSIGNED"
Info (12021): Found 1 design units, including 1 entities, in source file db/lpm_divide_sim.tdf
    Info (12023): Found entity 1: lpm_divide_sim
Info (12021): Found 1 design units, including 1 entities, in source file db/sign_div_unsign_klh.tdf
    Info (12023): Found entity 1: sign_div_unsign_klh
Info (12021): Found 1 design units, including 1 entities, in source file db/alt_u_div_s6f.tdf
    Info (12023): Found entity 1: alt_u_div_s6f
Info (12021): Found 1 design units, including 1 entities, in source file db/add_sub_7pc.tdf
    Info (12023): Found entity 1: add_sub_7pc
Info (12021): Found 1 design units, including 1 entities, in source file db/add_sub_8pc.tdf
    Info (12023): Found entity 1: add_sub_8pc
Info (12130): Elaborated megafunction instantiation "lpm_divide:Mod1"
Info (12133): Instantiated megafunction "lpm_divide:Mod1" with the following parameter:
    Info (12134): Parameter "LPM_WIDTHN" = "10"
    Info (12134): Parameter "LPM_WIDTHD" = "4"
    Info (12134): Parameter "LPM_NREPRESENTATION" = "UNSIGNED"
    Info (12134): Parameter "LPM_DREPRESENTATION" = "UNSIGNED"
Info (12021): Found 1 design units, including 1 entities, in source file db/lpm_divide_vam.tdf
    Info (12023): Found entity 1: lpm_divide_vam
Warning (13024): Output pins are stuck at VCC or GND
    Warning (13410): Pin "lcd_on" is stuck at VCC
    Warning (13410): Pin "lcd_rw" is stuck at GND
Info (286030): Timing-Driven Synthesis is running
Info (17049): 18 registers lost all their fanouts during netlist optimizations.
Info (17016): Found the following redundant logic cells in design
    Info (17048): Logic cell "lpm_divide:Mod1|lpm_divide_vam:auto_generated|sign_div_unsign_klh:divider|alt_u_div_s6f:divider|add_sub_6_result_int[0]~10"
    Info (17048): Logic cell "lpm_divide:Mod1|lpm_divide_vam:auto_generated|sign_div_unsign_klh:divider|alt_u_div_s6f:divider|add_sub_7_result_int[0]~10"
    Info (17048): Logic cell "lpm_divide:Mod1|lpm_divide_vam:auto_generated|sign_div_unsign_klh:divider|alt_u_div_s6f:divider|add_sub_8_result_int[0]~10"
Info (16010): Generating hard_block partition "hard_block:auto_generated_inst"
    Info (16011): Adding 0 node(s), including 0 DDIO, 0 PLL, 0 transceiver and 0 LCELL
Warning (21074): Design contains 4 input pin(s) that do not drive logic
    Warning (15610): No output dependent on input pin "sw[0]"
    Warning (15610): No output dependent on input pin "sw[1]"
    Warning (15610): No output dependent on input pin "sw[2]"
    Warning (15610): No output dependent on input pin "sw[3]"
Info (21057): Implemented 386 device resources after synthesis - the final resource count might be different
    Info (21058): Implemented 9 input pins
    Info (21059): Implemented 12 output pins
    Info (21061): Implemented 365 logic cells
Info: Quartus II 64-Bit Analysis & Synthesis was successful. 0 errors, 18 warnings
    Info: Peak virtual memory: 4830 megabytes
    Info: Processing ended: Thu Jun 01 11:26:51 2023
    Info: Elapsed time: 00:00:09
    Info: Total CPU time (on all processors): 00:00:17


